[2019-12-24T08:49:57.942] [INFO] http - [::1 GET / 304 19ms][ HTTP/1.1 Mozilla/5.0 (Windows NT 10.0; Win64; x64) AppleWebKit/537.36 (KHTML, like Gecko) Chrome/79.0.3945.88 Safari/537.36]
[2019-12-24T08:50:04.520] [INFO] http - [::1 POST /login 200 35ms][http://localhost:8006/ HTTP/1.1 Mozilla/5.0 (Windows NT 10.0; Win64; x64) AppleWebKit/537.36 (KHTML, like Gecko) Chrome/79.0.3945.88 Safari/537.36]
[2019-12-24T08:50:09.319] [INFO] http - [::1 GET /adv?username=admin 200 8ms][http://localhost:8006/login HTTP/1.1 Mozilla/5.0 (Windows NT 10.0; Win64; x64) AppleWebKit/537.36 (KHTML, like Gecko) Chrome/79.0.3945.88 Safari/537.36]
[2019-12-24T08:50:12.409] [INFO] http - [::1 GET /feature?username=admin 200 5ms][http://localhost:8006/adv?username=admin HTTP/1.1 Mozilla/5.0 (Windows NT 10.0; Win64; x64) AppleWebKit/537.36 (KHTML, like Gecko) Chrome/79.0.3945.88 Safari/537.36]
[2019-12-24T08:51:16.154] [INFO] http - [::1 GET /public/manager/assets/global/plugins/datatables/pdfmake.min.js.map 404 2ms][ HTTP/1.1 Mozilla/5.0 (iPhone; CPU iPhone OS 11_0 like Mac OS X) AppleWebKit/604.1.38 (KHTML, like Gecko) Version/11.0 Mobile/15A372 Safari/604.1]
[2019-12-24T08:54:20.828] [INFO] http - [::1 GET /feature?username=admin 304 4ms][http://localhost:8006/adv?username=admin HTTP/1.1 Mozilla/5.0 (Windows NT 10.0; Win64; x64) AppleWebKit/537.36 (KHTML, like Gecko) Chrome/79.0.3945.88 Safari/537.36]
[2019-12-24T08:54:21.059] [INFO] http - [::1 GET /public/manager/assets/global/plugins/datatables/pdfmake.min.js.map 404 1ms][ HTTP/1.1 Mozilla/5.0 (Windows NT 10.0; Win64; x64) AppleWebKit/537.36 (KHTML, like Gecko) Chrome/79.0.3945.88 Safari/537.36]
[2019-12-24T08:55:11.094] [INFO] http - [::1 GET /feature?username=admin 304 3ms][http://localhost:8006/adv?username=admin HTTP/1.1 Mozilla/5.0 (Windows NT 10.0; Win64; x64) AppleWebKit/537.36 (KHTML, like Gecko) Chrome/79.0.3945.88 Safari/537.36]
[2019-12-24T08:55:11.321] [INFO] http - [::1 GET /public/manager/assets/global/plugins/datatables/pdfmake.min.js.map 404 2ms][ HTTP/1.1 Mozilla/5.0 (Windows NT 10.0; Win64; x64) AppleWebKit/537.36 (KHTML, like Gecko) Chrome/79.0.3945.88 Safari/537.36]
[2019-12-24T08:55:13.403] [INFO] http - [::1 GET /template?servid=8006003206a3466eaeb17941feb257fc 200 3ms][http://localhost:8006/feature?username=admin HTTP/1.1 Mozilla/5.0 (Windows NT 10.0; Win64; x64) AppleWebKit/537.36 (KHTML, like Gecko) Chrome/79.0.3945.88 Safari/537.36]
[2019-12-24T08:55:13.439] [INFO] http - [::1 GET /favicon.ico 404 2ms][http://localhost:8006/template?servid=8006003206a3466eaeb17941feb257fc HTTP/1.1 Mozilla/5.0 (Windows NT 10.0; Win64; x64) AppleWebKit/537.36 (KHTML, like Gecko) Chrome/79.0.3945.88 Safari/537.36]
[2019-12-24T08:55:17.843] [INFO] http - [::1 GET /template?servid=8006003206a3466eaeb17941feb257fc 304 3ms][http://localhost:8006/feature?username=admin HTTP/1.1 Mozilla/5.0 (Windows NT 10.0; Win64; x64) AppleWebKit/537.36 (KHTML, like Gecko) Chrome/79.0.3945.88 Safari/537.36]
[2019-12-24T08:55:56.048] [INFO] http - [::1 GET /adv?username=admin 304 5ms][http://localhost:8006/feature?username=admin HTTP/1.1 Mozilla/5.0 (Windows NT 10.0; Win64; x64) AppleWebKit/537.36 (KHTML, like Gecko) Chrome/79.0.3945.88 Safari/537.36]
[2019-12-24T08:55:56.221] [INFO] http - [::1 GET /public/manager/assets/global/plugins/datatables/pdfmake.min.js.map 404 2ms][ HTTP/1.1 Mozilla/5.0 (Windows NT 10.0; Win64; x64) AppleWebKit/537.36 (KHTML, like Gecko) Chrome/79.0.3945.88 Safari/537.36]
[2019-12-24T08:56:18.192] [INFO] http - [::1 GET /feature?username=admin 304 5ms][http://localhost:8006/adv?username=admin HTTP/1.1 Mozilla/5.0 (Windows NT 10.0; Win64; x64) AppleWebKit/537.36 (KHTML, like Gecko) Chrome/79.0.3945.88 Safari/537.36]
[2019-12-24T08:56:18.386] [INFO] http - [::1 GET /public/manager/assets/global/plugins/datatables/pdfmake.min.js.map 404 2ms][ HTTP/1.1 Mozilla/5.0 (Windows NT 10.0; Win64; x64) AppleWebKit/537.36 (KHTML, like Gecko) Chrome/79.0.3945.88 Safari/537.36]
[2019-12-24T08:57:00.040] [INFO] http - [::1 GET /feature?username=admin 304 3ms][http://localhost:8006/adv?username=admin HTTP/1.1 Mozilla/5.0 (Windows NT 10.0; Win64; x64) AppleWebKit/537.36 (KHTML, like Gecko) Chrome/79.0.3945.88 Safari/537.36]
[2019-12-24T08:57:00.219] [INFO] http - [::1 GET /public/manager/assets/global/plugins/datatables/pdfmake.min.js.map 404 1ms][ HTTP/1.1 Mozilla/5.0 (Windows NT 10.0; Win64; x64) AppleWebKit/537.36 (KHTML, like Gecko) Chrome/79.0.3945.88 Safari/537.36]
[2019-12-24T08:57:07.274] [INFO] http - [::1 GET /template?servid=8006003206a3466eaeb17941feb257fc 304 3ms][http://localhost:8006/feature?username=admin HTTP/1.1 Mozilla/5.0 (Windows NT 10.0; Win64; x64) AppleWebKit/537.36 (KHTML, like Gecko) Chrome/79.0.3945.88 Safari/537.36]
[2019-12-24T08:57:12.401] [INFO] http - [::1 GET /template?servid=8006003206a3466eaeb17941feb257fc 304 2ms][http://localhost:8006/feature?username=admin HTTP/1.1 Mozilla/5.0 (Windows NT 10.0; Win64; x64) AppleWebKit/537.36 (KHTML, like Gecko) Chrome/79.0.3945.88 Safari/537.36]
[2019-12-24T08:57:22.882] [INFO] http - [::1 GET /template?servid=8006003206a3466eaeb17941feb257fc 304 2ms][http://localhost:8006/feature?username=admin HTTP/1.1 Mozilla/5.0 (Windows NT 10.0; Win64; x64) AppleWebKit/537.36 (KHTML, like Gecko) Chrome/79.0.3945.88 Safari/537.36]
[2019-12-24T08:57:29.251] [INFO] http - [::1 GET /template?servid=8006003206a3466eaeb17941feb257fc 304 2ms][http://localhost:8006/feature?username=admin HTTP/1.1 Mozilla/5.0 (Windows NT 10.0; Win64; x64) AppleWebKit/537.36 (KHTML, like Gecko) Chrome/79.0.3945.88 Safari/537.36]
[2019-12-24T08:57:40.224] [INFO] http - [::1 GET /abroad?username=admin 200 5ms][http://localhost:8006/feature?username=admin HTTP/1.1 Mozilla/5.0 (Windows NT 10.0; Win64; x64) AppleWebKit/537.36 (KHTML, like Gecko) Chrome/79.0.3945.88 Safari/537.36]
[2019-12-24T08:57:43.077] [INFO] http - [::1 GET /public/manager/assets/global/plugins/datatables/pdfmake.min.js.map 404 1ms][ HTTP/1.1 Mozilla/5.0 (iPhone; CPU iPhone OS 11_0 like Mac OS X) AppleWebKit/604.1.38 (KHTML, like Gecko) Version/11.0 Mobile/15A372 Safari/604.1]
[2019-12-24T08:57:54.274] [INFO] http - [::1 GET /feature?username=admin 304 4ms][http://localhost:8006/abroad?username=admin HTTP/1.1 Mozilla/5.0 (Windows NT 10.0; Win64; x64) AppleWebKit/537.36 (KHTML, like Gecko) Chrome/79.0.3945.88 Safari/537.36]
[2019-12-24T08:57:54.479] [INFO] http - [::1 GET /public/manager/assets/global/plugins/datatables/pdfmake.min.js.map 404 1ms][ HTTP/1.1 Mozilla/5.0 (Windows NT 10.0; Win64; x64) AppleWebKit/537.36 (KHTML, like Gecko) Chrome/79.0.3945.88 Safari/537.36]
[2019-12-24T08:59:00.345] [INFO] http - [::1 GET /adv?username=admin 304 3ms][http://localhost:8006/feature?username=admin HTTP/1.1 Mozilla/5.0 (Windows NT 10.0; Win64; x64) AppleWebKit/537.36 (KHTML, like Gecko) Chrome/79.0.3945.88 Safari/537.36]
[2019-12-24T08:59:00.557] [INFO] http - [::1 GET /public/manager/assets/global/plugins/datatables/pdfmake.min.js.map 404 1ms][ HTTP/1.1 Mozilla/5.0 (Windows NT 10.0; Win64; x64) AppleWebKit/537.36 (KHTML, like Gecko) Chrome/79.0.3945.88 Safari/537.36]
[2019-12-24T08:59:35.330] [INFO] http - [::1 GET /feature?username=admin 304 3ms][http://localhost:8006/adv?username=admin HTTP/1.1 Mozilla/5.0 (Windows NT 10.0; Win64; x64) AppleWebKit/537.36 (KHTML, like Gecko) Chrome/79.0.3945.88 Safari/537.36]
[2019-12-24T08:59:35.513] [INFO] http - [::1 GET /public/manager/assets/global/plugins/datatables/pdfmake.min.js.map 404 1ms][ HTTP/1.1 Mozilla/5.0 (Windows NT 10.0; Win64; x64) AppleWebKit/537.36 (KHTML, like Gecko) Chrome/79.0.3945.88 Safari/537.36]
[2019-12-24T09:01:42.264] [INFO] http - [::1 GET /feature?username=admin 304 3ms][http://localhost:8006/adv?username=admin HTTP/1.1 Mozilla/5.0 (Windows NT 10.0; Win64; x64) AppleWebKit/537.36 (KHTML, like Gecko) Chrome/79.0.3945.88 Safari/537.36]
[2019-12-24T09:01:42.443] [INFO] http - [::1 GET /public/manager/assets/global/plugins/datatables/pdfmake.min.js.map 404 1ms][ HTTP/1.1 Mozilla/5.0 (Windows NT 10.0; Win64; x64) AppleWebKit/537.36 (KHTML, like Gecko) Chrome/79.0.3945.88 Safari/537.36]
[2019-12-24T09:13:18.878] [INFO] http - [::1 GET /feature?username=admin 304 5ms][http://localhost:8006/feature?username=admin HTTP/1.1 Mozilla/5.0 (Windows NT 10.0; Win64; x64) AppleWebKit/537.36 (KHTML, like Gecko) Chrome/79.0.3945.88 Safari/537.36]
[2019-12-24T09:13:19.069] [INFO] http - [::1 GET /public/manager/assets/global/plugins/datatables/pdfmake.min.js.map 404 1ms][ HTTP/1.1 Mozilla/5.0 (Windows NT 10.0; Win64; x64) AppleWebKit/537.36 (KHTML, like Gecko) Chrome/79.0.3945.88 Safari/537.36]
[2019-12-24T09:13:56.504] [INFO] http - [::1 GET /adv?username=admin 304 3ms][http://localhost:8006/feature?username=admin HTTP/1.1 Mozilla/5.0 (Windows NT 10.0; Win64; x64) AppleWebKit/537.36 (KHTML, like Gecko) Chrome/79.0.3945.88 Safari/537.36]
[2019-12-24T09:13:58.594] [INFO] http - [::1 GET /feature?username=admin 304 4ms][http://localhost:8006/adv?username=admin HTTP/1.1 Mozilla/5.0 (Windows NT 10.0; Win64; x64) AppleWebKit/537.36 (KHTML, like Gecko) Chrome/79.0.3945.88 Safari/537.36]
[2019-12-24T09:14:01.586] [INFO] http - [::1 GET /abroad?username=admin 304 5ms][http://localhost:8006/feature?username=admin HTTP/1.1 Mozilla/5.0 (Windows NT 10.0; Win64; x64) AppleWebKit/537.36 (KHTML, like Gecko) Chrome/79.0.3945.88 Safari/537.36]
[2019-12-24T09:27:57.752] [INFO] http - [::1 GET /abroad?username=admin 304 5ms][http://localhost:8006/abroad?username=admin HTTP/1.1 Mozilla/5.0 (Windows NT 10.0; Win64; x64) AppleWebKit/537.36 (KHTML, like Gecko) Chrome/79.0.3945.88 Safari/537.36]
[2019-12-24T09:28:49.925] [INFO] http - [::1 GET /abroad?username=admin 304 4ms][http://localhost:8006/abroad?username=admin HTTP/1.1 Mozilla/5.0 (Windows NT 10.0; Win64; x64) AppleWebKit/537.36 (KHTML, like Gecko) Chrome/79.0.3945.88 Safari/537.36]
[2019-12-24T09:28:50.713] [INFO] http - [::1 GET /newborn?username=admin 200 4ms][http://localhost:8006/abroad?username=admin HTTP/1.1 Mozilla/5.0 (Windows NT 10.0; Win64; x64) AppleWebKit/537.36 (KHTML, like Gecko) Chrome/79.0.3945.88 Safari/537.36]
[2019-12-24T09:28:53.027] [INFO] http - [::1 GET /abroad?username=admin 304 4ms][http://localhost:8006/newborn?username=admin HTTP/1.1 Mozilla/5.0 (Windows NT 10.0; Win64; x64) AppleWebKit/537.36 (KHTML, like Gecko) Chrome/79.0.3945.88 Safari/537.36]
[2019-12-24T09:29:04.377] [INFO] http - [::1 GET /menu?username=admin 200 8ms][http://localhost:8006/abroad?username=admin HTTP/1.1 Mozilla/5.0 (Windows NT 10.0; Win64; x64) AppleWebKit/537.36 (KHTML, like Gecko) Chrome/79.0.3945.88 Safari/537.36]
[2019-12-24T09:29:26.181] [INFO] http - [::1 GET /logout?username=admin 302 4ms][http://localhost:8006/menu?username=admin HTTP/1.1 Mozilla/5.0 (Windows NT 10.0; Win64; x64) AppleWebKit/537.36 (KHTML, like Gecko) Chrome/79.0.3945.88 Safari/537.36]
[2019-12-24T09:29:26.183] [INFO] http - [::1 GET / 304 1ms][http://localhost:8006/menu?username=admin HTTP/1.1 Mozilla/5.0 (Windows NT 10.0; Win64; x64) AppleWebKit/537.36 (KHTML, like Gecko) Chrome/79.0.3945.88 Safari/537.36]
[2019-12-24T09:29:32.011] [INFO] http - [::1 POST /login 200 15ms][http://localhost:8006/ HTTP/1.1 Mozilla/5.0 (Windows NT 10.0; Win64; x64) AppleWebKit/537.36 (KHTML, like Gecko) Chrome/79.0.3945.88 Safari/537.36]
[2019-12-24T09:29:36.511] [INFO] http - [::1 GET /newborn?username=admin 200 3ms][http://localhost:8006/login HTTP/1.1 Mozilla/5.0 (Windows NT 10.0; Win64; x64) AppleWebKit/537.36 (KHTML, like Gecko) Chrome/79.0.3945.88 Safari/537.36]
[2019-12-24T09:29:38.986] [INFO] http - [::1 GET /abroad?username=admin 200 4ms][http://localhost:8006/newborn?username=admin HTTP/1.1 Mozilla/5.0 (Windows NT 10.0; Win64; x64) AppleWebKit/537.36 (KHTML, like Gecko) Chrome/79.0.3945.88 Safari/537.36]
[2019-12-24T09:29:40.042] [INFO] http - [::1 GET /newborn?username=admin 304 4ms][http://localhost:8006/abroad?username=admin HTTP/1.1 Mozilla/5.0 (Windows NT 10.0; Win64; x64) AppleWebKit/537.36 (KHTML, like Gecko) Chrome/79.0.3945.88 Safari/537.36]
[2019-12-24T09:32:11.327] [INFO] http - [::1 GET /abroad?username=admin 304 4ms][http://localhost:8006/newborn?username=admin HTTP/1.1 Mozilla/5.0 (Windows NT 10.0; Win64; x64) AppleWebKit/537.36 (KHTML, like Gecko) Chrome/79.0.3945.88 Safari/537.36]
[2019-12-24T09:32:13.144] [INFO] http - [::1 GET /newborn?username=admin 304 4ms][http://localhost:8006/abroad?username=admin HTTP/1.1 Mozilla/5.0 (Windows NT 10.0; Win64; x64) AppleWebKit/537.36 (KHTML, like Gecko) Chrome/79.0.3945.88 Safari/537.36]
[2019-12-24T09:32:33.524] [INFO] http - [::1 GET /abroad?username=admin 304 4ms][http://localhost:8006/newborn?username=admin HTTP/1.1 Mozilla/5.0 (Windows NT 10.0; Win64; x64) AppleWebKit/537.36 (KHTML, like Gecko) Chrome/79.0.3945.88 Safari/537.36]
[2019-12-24T09:36:46.698] [INFO] http - [::1 GET /template?abroadid=11 200 3ms][http://localhost:8006/abroad?username=admin HTTP/1.1 Mozilla/5.0 (Windows NT 10.0; Win64; x64) AppleWebKit/537.36 (KHTML, like Gecko) Chrome/79.0.3945.88 Safari/537.36]
[2019-12-24T09:36:56.298] [INFO] http - [::1 GET /public/manager/assets/global/plugins/datatables/pdfmake.min.js.map 404 1ms][ HTTP/1.1 Mozilla/5.0 (Windows NT 10.0; Win64; x64) AppleWebKit/537.36 (KHTML, like Gecko) Chrome/79.0.3945.88 Safari/537.36]
[2019-12-24T09:42:01.143] [INFO] http - [::1 GET /public/manager/assets/global/plugins/datatables/pdfmake.min.js.map 404 1ms][ HTTP/1.1 Mozilla/5.0 (Windows NT 10.0; Win64; x64) AppleWebKit/537.36 (KHTML, like Gecko) Chrome/79.0.3945.88 Safari/537.36]
[2019-12-24T09:43:55.382] [INFO] http - [::1 GET /abroad?username=admin 304 5ms][http://localhost:8006/abroad?username=admin HTTP/1.1 Mozilla/5.0 (Windows NT 10.0; Win64; x64) AppleWebKit/537.36 (KHTML, like Gecko) Chrome/79.0.3945.88 Safari/537.36]
[2019-12-24T09:43:55.638] [INFO] http - [::1 GET /public/manager/assets/global/plugins/datatables/pdfmake.min.js.map 404 1ms][ HTTP/1.1 Mozilla/5.0 (Windows NT 10.0; Win64; x64) AppleWebKit/537.36 (KHTML, like Gecko) Chrome/79.0.3945.88 Safari/537.36]
[2019-12-24T09:43:56.493] [INFO] http - [::1 GET /abroad?username=admin 304 4ms][http://localhost:8006/abroad?username=admin HTTP/1.1 Mozilla/5.0 (Windows NT 10.0; Win64; x64) AppleWebKit/537.36 (KHTML, like Gecko) Chrome/79.0.3945.88 Safari/537.36]
[2019-12-24T09:43:56.735] [INFO] http - [::1 GET /public/manager/assets/global/plugins/datatables/pdfmake.min.js.map 404 2ms][ HTTP/1.1 Mozilla/5.0 (Windows NT 10.0; Win64; x64) AppleWebKit/537.36 (KHTML, like Gecko) Chrome/79.0.3945.88 Safari/537.36]
[2019-12-24T09:43:57.087] [INFO] http - [::1 GET /abroad?username=admin 304 2ms][http://localhost:8006/abroad?username=admin HTTP/1.1 Mozilla/5.0 (Windows NT 10.0; Win64; x64) AppleWebKit/537.36 (KHTML, like Gecko) Chrome/79.0.3945.88 Safari/537.36]
[2019-12-24T09:43:57.327] [INFO] http - [::1 GET /public/manager/assets/global/plugins/datatables/pdfmake.min.js.map 404 1ms][ HTTP/1.1 Mozilla/5.0 (Windows NT 10.0; Win64; x64) AppleWebKit/537.36 (KHTML, like Gecko) Chrome/79.0.3945.88 Safari/537.36]
[2019-12-24T09:44:34.217] [INFO] http - [::1 GET /public/manager/assets/global/plugins/datatables/pdfmake.min.js.map 404 1ms][ HTTP/1.1 Mozilla/5.0 (Windows NT 10.0; Win64; x64) AppleWebKit/537.36 (KHTML, like Gecko) Chrome/79.0.3945.88 Safari/537.36]
[2019-12-24T09:45:36.823] [INFO] http - [::1 GET /abroad?username=admin 304 4ms][http://localhost:8006/abroad?username=admin HTTP/1.1 Mozilla/5.0 (Windows NT 10.0; Win64; x64) AppleWebKit/537.36 (KHTML, like Gecko) Chrome/79.0.3945.88 Safari/537.36]
[2019-12-24T09:45:37.101] [INFO] http - [::1 GET /public/manager/assets/global/plugins/datatables/pdfmake.min.js.map 404 1ms][ HTTP/1.1 Mozilla/5.0 (Windows NT 10.0; Win64; x64) AppleWebKit/537.36 (KHTML, like Gecko) Chrome/79.0.3945.88 Safari/537.36]
[2019-12-24T09:45:48.431] [INFO] http - [::1 GET /template?abroadid=b4c4fb5b08e44a268c9150d34dedff57 200 3ms][http://localhost:8006/abroad?username=admin HTTP/1.1 Mozilla/5.0 (Windows NT 10.0; Win64; x64) AppleWebKit/537.36 (KHTML, like Gecko) Chrome/79.0.3945.88 Safari/537.36]
[2019-12-24T09:45:52.757] [INFO] http - [::1 GET /template?abroadid=11 304 3ms][http://localhost:8006/abroad?username=admin HTTP/1.1 Mozilla/5.0 (Windows NT 10.0; Win64; x64) AppleWebKit/537.36 (KHTML, like Gecko) Chrome/79.0.3945.88 Safari/537.36]
[2019-12-24T09:46:09.185] [INFO] http - [::1 GET /template?abroadid=b4c4fb5b08e44a268c9150d34dedff57 304 2ms][http://localhost:8006/abroad?username=admin HTTP/1.1 Mozilla/5.0 (Windows NT 10.0; Win64; x64) AppleWebKit/537.36 (KHTML, like Gecko) Chrome/79.0.3945.88 Safari/537.36]
[2019-12-24T09:46:42.257] [INFO] http - [::1 GET /abroad?username=admin 304 3ms][http://localhost:8006/abroad?username=admin HTTP/1.1 Mozilla/5.0 (Windows NT 10.0; Win64; x64) AppleWebKit/537.36 (KHTML, like Gecko) Chrome/79.0.3945.88 Safari/537.36]
[2019-12-24T09:46:42.437] [INFO] http - [::1 GET /public/manager/assets/global/plugins/datatables/pdfmake.min.js.map 404 1ms][ HTTP/1.1 Mozilla/5.0 (Windows NT 10.0; Win64; x64) AppleWebKit/537.36 (KHTML, like Gecko) Chrome/79.0.3945.88 Safari/537.36]
[2019-12-24T09:46:47.152] [INFO] http - [::1 GET /template?abroadid=11 304 3ms][http://localhost:8006/abroad?username=admin HTTP/1.1 Mozilla/5.0 (Windows NT 10.0; Win64; x64) AppleWebKit/537.36 (KHTML, like Gecko) Chrome/79.0.3945.88 Safari/537.36]
